<?xml version="1.0" encoding="UTF-8"?>
<testng-results ignored="0" total="1" passed="1" failed="0" skipped="0">
  <reporter-output>
  </reporter-output>
  <suite started-at="2021-11-24T09:47:43 CET" name="Default suite" finished-at="2021-11-24T09:47:50 CET" duration-ms="6742">
    <groups>
    </groups>
    <test started-at="2021-11-24T09:47:43 CET" name="Default test" finished-at="2021-11-24T09:47:50 CET" duration-ms="6742">
      <class name="testsCases.FileUploadDemo2">
        <test-method is-config="true" signature="setup()[pri:0, instance:testsCases.FileUploadDemo2@3738449f]" started-at="2021-11-24T09:47:43 CET" name="setup" finished-at="2021-11-24T09:47:47 CET" duration-ms="3675" status="PASS">
          <reporter-output>
          </reporter-output>
        </test-method> <!-- setup -->
        <test-method signature="robotTest()[pri:0, instance:testsCases.FileUploadDemo2@3738449f]" started-at="2021-11-24T09:47:47 CET" name="robotTest" finished-at="2021-11-24T09:47:49 CET" duration-ms="2709" status="PASS">
          <reporter-output>
          </reporter-output>
        </test-method> <!-- robotTest -->
        <test-method is-config="true" signature="tearDown()[pri:0, instance:testsCases.FileUploadDemo2@3738449f]" started-at="2021-11-24T09:47:49 CET" name="tearDown" finished-at="2021-11-24T09:47:50 CET" duration-ms="310" status="PASS">
          <reporter-output>
          </reporter-output>
        </test-method> <!-- tearDown -->
      </class> <!-- testsCases.FileUploadDemo2 -->
    </test> <!-- Default test -->
  </suite> <!-- Default suite -->
</testng-results>
